c:\users\eddie\desktop\katianieworkspace\panoramicvr\samples\oculusroomtiny_advanced\ort (using basicvr)\obj\windows\win32\release\vs2015\basicvr.obj
c:\users\eddie\desktop\katianieworkspace\panoramicvr\samples\oculusroomtiny_advanced\ort (using basicvr)\obj\windows\win32\release\vs2015\scene.obj
c:\users\eddie\desktop\katianieworkspace\panoramicvr\samples\oculusroomtiny_advanced\ort (using basicvr)\obj\windows\win32\release\vs2015\databuffer.obj
c:\users\eddie\desktop\katianieworkspace\panoramicvr\samples\oculusroomtiny_advanced\ort (using basicvr)\obj\windows\win32\release\vs2015\texture.obj
c:\users\eddie\desktop\katianieworkspace\panoramicvr\samples\oculusroomtiny_advanced\ort (using basicvr)\obj\windows\win32\release\vs2015\camera.obj
c:\users\eddie\desktop\katianieworkspace\panoramicvr\samples\oculusroomtiny_advanced\ort (using basicvr)\obj\windows\win32\release\vs2015\vrlayer.obj
c:\users\eddie\desktop\katianieworkspace\panoramicvr\samples\oculusroomtiny_advanced\ort (using basicvr)\obj\windows\win32\release\vs2015\directxmanager.obj
c:\users\eddie\desktop\katianieworkspace\panoramicvr\samples\oculusroomtiny_advanced\ort (using basicvr)\obj\windows\win32\release\vs2015\vertex.obj
c:\users\eddie\desktop\katianieworkspace\panoramicvr\samples\oculusroomtiny_advanced\ort (using basicvr)\obj\windows\win32\release\vs2015\material.obj
c:\users\eddie\desktop\katianieworkspace\panoramicvr\samples\oculusroomtiny_advanced\ort (using basicvr)\obj\windows\win32\release\vs2015\oculustexture.obj
c:\users\eddie\desktop\katianieworkspace\panoramicvr\samples\oculusroomtiny_advanced\ort (using basicvr)\obj\windows\win32\release\vs2015\main.obj
c:\users\eddie\desktop\katianieworkspace\panoramicvr\samples\oculusroomtiny_advanced\ort (using basicvr)\obj\windows\win32\release\vs2015\model.obj
c:\users\eddie\desktop\katianieworkspace\panoramicvr\samples\oculusroomtiny_advanced\ort (using basicvr)\obj\windows\win32\release\vs2015\stdafx.obj
c:\users\eddie\desktop\katianieworkspace\panoramicvr\samples\oculusroomtiny_advanced\ort (using basicvr)\obj\windows\win32\release\vs2015\object.obj
c:\users\eddie\desktop\katianieworkspace\panoramicvr\samples\oculusroomtiny_advanced\ort (using basicvr)\obj\windows\win32\release\vs2015\acedx.obj
c:\users\eddie\desktop\katianieworkspace\panoramicvr\samples\oculusroomtiny_advanced\ort (using basicvr)\obj\windows\win32\release\vs2015\depthbuffer.obj
c:\users\eddie\desktop\katianieworkspace\panoramicvr\samples\oculusroomtiny_advanced\ort (using basicvr)\obj\windows\win32\release\vs2015\triangleset.obj
c:\users\eddie\desktop\katianieworkspace\panoramicvr\samples\oculusroomtiny_advanced\ort (using basicvr)\projects\win\vs2015\..\..\..\bin\windows\win32\release\vs2015\panoramicvr.pdb
c:\users\eddie\desktop\katianieworkspace\panoramicvr\samples\oculusroomtiny_advanced\ort (using basicvr)\obj\windows\win32\release\vs2015\panoramicvr.tlog\cl.command.1.tlog
c:\users\eddie\desktop\katianieworkspace\panoramicvr\samples\oculusroomtiny_advanced\ort (using basicvr)\obj\windows\win32\release\vs2015\panoramicvr.tlog\cl.read.1.tlog
c:\users\eddie\desktop\katianieworkspace\panoramicvr\samples\oculusroomtiny_advanced\ort (using basicvr)\obj\windows\win32\release\vs2015\panoramicvr.tlog\cl.write.1.tlog
c:\users\eddie\desktop\katianieworkspace\panoramicvr\samples\oculusroomtiny_advanced\ort (using basicvr)\obj\windows\win32\release\vs2015\panoramicvr.tlog\link.command.1.tlog
c:\users\eddie\desktop\katianieworkspace\panoramicvr\samples\oculusroomtiny_advanced\ort (using basicvr)\obj\windows\win32\release\vs2015\panoramicvr.tlog\link.read.1.tlog
c:\users\eddie\desktop\katianieworkspace\panoramicvr\samples\oculusroomtiny_advanced\ort (using basicvr)\obj\windows\win32\release\vs2015\panoramicvr.tlog\link.write.1.tlog
